\BOOKMARK [1][-]{section.1}{\376\377\000S\000\351\000a\000n\000c\000e\000\040\0000\000\040\000-\000\040\0002\0001\000/\0000\0003\000/\0002\0000\0002\0003}{}% 1
\BOOKMARK [2][-]{subsection.1.1}{\376\377\000N\000o\000t\000e\000s\000\040\000p\000r\000i\000s\000e\000s\000\040\000a\000u\000\040\000t\000a\000b\000l\000e\000a\000u}{section.1}% 2
\BOOKMARK [2][-]{subsection.1.2}{\376\377\000I\000d\000\351\000e\000s\000\040\000d\000e\000\040\000p\000l\000a\000n\000\040\000d\000e\000\040\000r\000e\000c\000h\000e\000r\000c\000h\000e\000s}{section.1}% 3
\BOOKMARK [1][-]{section.2}{\376\377\000S\000\351\000a\000n\000c\000e\000\040\0001\000\040\000-\000\040\0000\0005\000/\0000\0004\000/\0002\0000\0002\0003}{}% 4
\BOOKMARK [2][-]{subsection.2.1}{\376\377\000R\000e\000p\000r\000i\000s\000e\000\040\000d\000e\000s\000\040\000\351\000l\000\351\000m\000e\000n\000t\000s\000\040\000d\000u\000\040\000s\000e\000m\000e\000s\000t\000r\000e\000\040\000p\000r\000\351\000c\000\351\000d\000e\000n\000t}{section.2}% 5
\BOOKMARK [2][-]{subsection.2.2}{\376\377\000U\000t\000i\000l\000i\000s\000a\000t\000i\000o\000n\000\040\000d\000e\000\040\000M\000a\000t\000l\000a\000b}{section.2}% 6
\BOOKMARK [2][-]{subsection.2.3}{\376\377\000M\000o\000d\000\351\000l\000i\000s\000a\000t\000i\000o\000n\000\040\000p\000o\000i\000n\000t\000\040\000p\000a\000r\000\040\000p\000o\000i\000n\000t\000\040\000d\000u\000\040\000s\000y\000s\000t\000\350\000m\000e}{section.2}% 7
\BOOKMARK [3][-]{subsubsection.2.3.1}{\376\377\000M\000o\000d\000\351\000l\000i\000s\000a\000t\000i\000o\000n\000\040\000d\000e\000\040\000l\000'\000a\000m\000p\000l\000i\000f\000i\000c\000a\000t\000e\000u\000r}{subsection.2.3}% 8
\BOOKMARK [3][-]{subsubsection.2.3.2}{\376\377\000M\000o\000d\000\351\000l\000i\000s\000a\000t\000i\000o\000n\000\040\000d\000'\000u\000n\000\040\000r\000\351\000g\000u\000l\000a\000t\000e\000u\000r\000\040\000P\000D}{subsection.2.3}% 9
\BOOKMARK [3][-]{subsubsection.2.3.3}{\376\377\000M\000o\000d\000\351\000l\000i\000s\000a\000t\000i\000o\000n\000\040\000d\000'\000u\000n\000\040\000r\000\351\000g\000u\000l\000a\000t\000e\000u\000r\000\040\000P\000I\000D}{subsection.2.3}% 10
\BOOKMARK [3][-]{subsubsection.2.3.4}{\376\377\000M\000o\000d\000\351\000l\000i\000s\000a\000t\000i\000o\000n\000\040\000d\000u\000\040\000s\000y\000s\000t\000\350\000m\000e\000\040\000c\000o\000m\000p\000l\000e\000t\000\040\000\050\000P\000D\000\051}{subsection.2.3}% 11
\BOOKMARK [2][-]{subsection.2.4}{\376\377\000C\000o\000n\000c\000l\000u\000s\000i\000o\000n\000s\000\040\000p\000o\000u\000r\000\040\000c\000e\000t\000t\000e\000\040\000s\000\351\000a\000n\000c\000e}{section.2}% 12
\BOOKMARK [1][-]{section.3}{\376\377\000T\000r\000a\000v\000a\000i\000l\000\040\000e\000n\000t\000r\000e\000\040\000l\000e\000s\000\040\000s\000\351\000a\000n\000c\000e\000\040\0001\000\040\000e\000t\000\040\0002}{}% 13
\BOOKMARK [2][-]{subsection.3.1}{\376\377\000C\000o\000r\000r\000e\000c\000t\000i\000o\000n\000\040\000d\000e\000s\000\040\000\351\000l\000\351\000m\000e\000n\000t\000s\000\040\000d\000e\000\040\000l\000a\000\040\000s\000\351\000a\000n\000c\000e\000\040\000p\000r\000\351\000c\000\351\000d\000e\000n\000t\000e}{section.3}% 14
\BOOKMARK [3][-]{subsubsection.3.1.1}{\376\377\000M\000a\000t\000l\000a\000b}{subsection.3.1}% 15
\BOOKMARK [3][-]{subsubsection.3.1.2}{\376\377\000M\000o\000d\000\351\000l\000i\000s\000a\000t\000i\000o\000n\000\040\000p\000o\000i\000n\000t\000\040\000p\000a\000r\000\040\000p\000o\000i\000n\000t\000\040\000d\000u\000\040\000s\000y\000s\000t\000\350\000m\000e}{subsection.3.1}% 16
\BOOKMARK [2][-]{subsection.3.2}{\376\377\000S\000i\000m\000u\000l\000a\000t\000i\000o\000n\000\040\000d\000e\000\040\000l\000'\000a\000m\000p\000l\000i\000f\000i\000c\000a\000t\000e\000u\000r}{section.3}% 17
\BOOKMARK [1][-]{section.4}{\376\377\000S\000\351\000a\000n\000c\000e\000\040\0002\000\040\000-\000\040\0001\0008\000/\0000\0004\000/\0002\0000\0002\0003}{}% 18
\BOOKMARK [2][-]{subsection.4.1}{\376\377\000R\000\351\000f\000l\000e\000x\000i\000o\000n\000\040\000s\000u\000r\000\040\000l\000a\000\040\000n\000u\000m\000\351\000r\000i\000s\000a\000t\000i\000o\000n\000\040\000d\000u\000\040\000c\000o\000r\000r\000e\000c\000t\000e\000u\000r}{section.4}% 19
\BOOKMARK [2][-]{subsection.4.2}{\376\377\000P\000r\000i\000s\000e\000\040\000e\000n\000\040\000m\000a\000i\000n\000\040\000d\000u\000\040\000S\000T\000M\0008\000s}{section.4}% 20
\BOOKMARK [2][-]{subsection.4.3}{\376\377\000P\000r\000e\000m\000i\000e\000r\000\040\000e\000s\000s\000a\000i\000\040\000d\000e\000\040\000c\000o\000d\000e}{section.4}% 21
\BOOKMARK [2][-]{subsection.4.4}{\376\377\000E\000s\000s\000a\000i\000s\000\040\000a\000v\000e\000c\000\040\000A\000r\000d\000u\000i\000n\000o}{section.4}% 22
\BOOKMARK [2][-]{subsection.4.5}{\376\377\000E\000s\000s\000a\000i\000s\000\040\000a\000v\000e\000c\000\040\000S\000T\000V\000D}{section.4}% 23
\BOOKMARK [2][-]{subsection.4.6}{\376\377\000C\000o\000n\000c\000l\000u\000s\000i\000o\000n\000s\000\040\000p\000o\000u\000r\000\040\000c\000e\000t\000t\000e\000\040\000s\000\351\000a\000n\000c\000e}{section.4}% 24
\BOOKMARK [1][-]{section.5}{\376\377\000T\000r\000a\000v\000a\000i\000l\000\040\000e\000n\000t\000r\000e\000\040\000l\000e\000s\000\040\000s\000\351\000a\000n\000c\000e\000s\000\040\0002\000\040\000e\000t\000\040\0003}{}% 25
\BOOKMARK [2][-]{subsection.5.1}{\376\377\000L\000e\000c\000t\000u\000r\000e\000\040\000d\000'\000u\000n\000e\000\040\000e\000n\000t\000r\000\351\000e\000\040\000a\000n\000a\000l\000o\000g\000i\000q\000u\000e}{section.5}% 26
\BOOKMARK [2][-]{subsection.5.2}{\376\377\000G\000\351\000n\000\351\000r\000a\000t\000i\000o\000n\000\040\000d\000'\000u\000n\000\040\000s\000i\000g\000n\000a\000l\000\040\000P\000W\000M}{section.5}% 27
\BOOKMARK [3][-]{subsubsection.5.2.1}{\376\377\000C\000o\000d\000e}{subsection.5.2}% 28
\BOOKMARK [3][-]{subsubsection.5.2.2}{\376\377\000D\000e\000s\000c\000r\000i\000p\000t\000i\000o\000n\000\040\000d\000u\000\040\000c\000o\000d\000e}{subsection.5.2}% 29
\BOOKMARK [3][-]{subsubsection.5.2.3}{\376\377\000F\000i\000c\000h\000i\000e\000r\000s\000\040\000n\000\351\000c\000e\000s\000s\000a\000i\000r\000e\000s}{subsection.5.2}% 30
\BOOKMARK [1][-]{section.6}{\376\377\000S\000\351\000a\000n\000c\000e\000\040\0003\000\040\000-\000\040\0000\0003\000/\0000\0005\000/\0002\0000\0002\0003}{}% 31
\BOOKMARK [2][-]{subsection.6.1}{\376\377\000P\000a\000r\000t\000i\000e\000\040\000\351\000l\000e\000c\000t\000r\000o\000n\000i\000q\000u\000e\000\040\000n\000u\000m\000\351\000r\000i\000q\000u\000e}{section.6}% 32
\BOOKMARK [3][-]{subsubsection.6.1.1}{\376\377\000R\000\351\000c\000u\000p\000\351\000r\000a\000t\000i\000o\000n\000\040\000d\000'\000u\000n\000e\000\040\000e\000n\000t\000r\000\351\000e}{subsection.6.1}% 33
\BOOKMARK [3][-]{subsubsection.6.1.2}{\376\377\000G\000\351\000n\000\351\000r\000a\000t\000i\000o\000n\000\040\000d\000e\000\040\000s\000i\000g\000n\000a\000u\000x\000\040\000P\000W\000M}{subsection.6.1}% 34
\BOOKMARK [3][-]{subsubsection.6.1.3}{\376\377\000B\000r\000o\000u\000i\000l\000l\000o\000n\000\040\000p\000o\000u\000r\000\040\000u\000n\000\040\000r\000\351\000g\000u\000l\000a\000t\000e\000u\000r\000\040\000P}{subsection.6.1}% 35
\BOOKMARK [2][-]{subsection.6.2}{\376\377\000P\000a\000r\000t\000i\000e\000\040\000\351\000l\000e\000c\000t\000r\000o\000n\000i\000q\000u\000e\000\040\000a\000n\000a\000l\000o\000g\000i\000q\000u\000e}{section.6}% 36
\BOOKMARK [3][-]{subsubsection.6.2.1}{\376\377\000M\000a\000t\000\351\000r\000i\000e\000l\000\040\000u\000t\000i\000l\000i\000s\000\351}{subsection.6.2}% 37
\BOOKMARK [3][-]{subsubsection.6.2.2}{\376\377\000C\000a\000l\000c\000u\000l\000\040\000d\000u\000\040\000p\000o\000i\000n\000t\000\040\000d\000e\000\040\000f\000o\000n\000c\000t\000i\000o\000n\000n\000e\000m\000e\000n\000t}{subsection.6.2}% 38
\BOOKMARK [3][-]{subsubsection.6.2.3}{\376\377\000R\000\351\000s\000i\000s\000t\000a\000n\000c\000e\000\040\000d\000e\000\040\000l\000a\000\040\000b\000o\000b\000i\000n\000e}{subsection.6.2}% 39
\BOOKMARK [3][-]{subsubsection.6.2.4}{\376\377\000I\000n\000d\000u\000c\000t\000a\000n\000c\000e\000\040\000d\000e\000\040\000l\000a\000\040\000b\000o\000b\000i\000n\000e}{subsection.6.2}% 40
\BOOKMARK [2][-]{subsection.6.3}{\376\377\000C\000o\000n\000c\000l\000u\000s\000i\000o\000n\000s}{section.6}% 41
\BOOKMARK [1][-]{section.7}{\376\377\000S\000\351\000a\000n\000c\000e\000\040\0004\000\040\000-\000\040\0000\0002\000/\0000\0006\000/\0002\0000\0002\0003}{}% 42
\BOOKMARK [2][-]{subsection.7.1}{\376\377\000C\000h\000o\000i\000x\000\040\000d\000e\000s\000\040\000c\000o\000m\000p\000o\000s\000a\000n\000t\000s}{section.7}% 43
\BOOKMARK [2][-]{subsection.7.2}{\376\377\000R\000\351\000a\000l\000i\000s\000a\000t\000i\000o\000n}{section.7}% 44
\BOOKMARK [2][-]{subsection.7.3}{\376\377\000P\000i\000s\000t\000e\000s\000\040\000p\000o\000u\000r\000\040\000l\000a\000\040\000s\000u\000i\000t\000e}{section.7}% 45
\BOOKMARK [1][-]{section.8}{\376\377\000S\000\351\000a\000n\000c\000e\000\040\0005\000\040\000-\000\040\0000\0005\000/\0000\0006\000/\0002\0000\0002\0003}{}% 46
\BOOKMARK [2][-]{subsection.8.1}{\376\377\000\311\000l\000\351\000m\000e\000n\000t\000s\000\040\000u\000t\000i\000l\000e\000s}{section.8}% 47
\BOOKMARK [2][-]{subsection.8.2}{\376\377\000A\000m\000p\000l\000i\000f\000i\000c\000a\000t\000i\000o\000n}{section.8}% 48
\BOOKMARK [3][-]{subsubsection.8.2.1}{\376\377\000M\000o\000n\000t\000a\000g\000e}{subsection.8.2}% 49
\BOOKMARK [3][-]{subsubsection.8.2.2}{\376\377\000S\000o\000u\000d\000u\000r\000e}{subsection.8.2}% 50
\BOOKMARK [2][-]{subsection.8.3}{\376\377\000A\000r\000d\000u\000i\000n\000o}{section.8}% 51
\BOOKMARK [3][-]{subsubsection.8.3.1}{\376\377\000C\000a\000p\000t\000e\000u\000r\000\040\000d\000e\000\040\000d\000i\000s\000t\000a\000n\000c\000e}{subsection.8.3}% 52
\BOOKMARK [3][-]{subsubsection.8.3.2}{\376\377\000C\000o\000n\000s\000i\000g\000n\000e}{subsection.8.3}% 53
\BOOKMARK [3][-]{subsubsection.8.3.3}{\376\377\000S\000i\000g\000n\000a\000l\000\040\000P\000W\000M}{subsection.8.3}% 54
\BOOKMARK [3][-]{subsubsection.8.3.4}{\376\377\000P\000I\000D}{subsection.8.3}% 55
\BOOKMARK [2][-]{subsection.8.4}{\376\377\000B\000o\000u\000l\000e}{section.8}% 56
\BOOKMARK [1][-]{section.9}{\376\377\000S\000\351\000a\000n\000c\000e\000\040\0006\000\040\000-\000\040\0000\0006\000/\0000\0006\000/\0002\0000\0002\0003}{}% 57
\BOOKMARK [2][-]{subsection.9.1}{\376\377\000P\000e\000i\000n\000t\000u\000r\000e}{section.9}% 58
\BOOKMARK [2][-]{subsection.9.2}{\376\377\000S\000o\000u\000d\000u\000r\000e}{section.9}% 59
\BOOKMARK [2][-]{subsection.9.3}{\376\377\000P\000r\000o\000b\000l\000\350\000m\000e\000s\000\040\000r\000e\000n\000c\000o\000n\000t\000r\000\351\000s}{section.9}% 60
\BOOKMARK [2][-]{subsection.9.4}{\376\377\000R\000e\000c\000h\000e\000r\000c\000h\000e\000\040\000d\000e\000s\000\040\000v\000a\000l\000e\000u\000r\000s\000\040\000d\000u\000\040\000P\000I\000D}{section.9}% 61
\BOOKMARK [2][-]{subsection.9.5}{\376\377\000C\000o\000r\000r\000e\000c\000t\000i\000o\000n\000\040\000d\000u\000\040\000c\000o\000d\000e}{section.9}% 62
\BOOKMARK [1][-]{section.10}{\376\377\000S\000\351\000a\000n\000c\000e\000\040\0007\000\040\000-\000\040\0000\0007\000/\0000\0006\000/\0002\0000\0002\0003}{}% 63
\BOOKMARK [2][-]{subsection.10.1}{\376\377\000I\000l\000l\000u\000s\000t\000r\000a\000t\000i\000o\000n\000\040\000d\000u\000\040\000p\000r\000o\000b\000l\000\350\000m\000e}{section.10}% 64
\BOOKMARK [2][-]{subsection.10.2}{\376\377\000R\000e\000t\000o\000u\000r\000\040\000e\000n\000\040\000a\000r\000r\000i\000\350\000r\000e\000\040\000!}{section.10}% 65
\BOOKMARK [2][-]{subsection.10.3}{\376\377\000T\000e\000s\000t\000s\000\040\000s\000u\000r\000\040\000l\000e\000s\000\040\000v\000a\000l\000e\000u\000r\000s\000\040\000d\000e\000\040\000P\000I\000D}{section.10}% 66
\BOOKMARK [2][-]{subsection.10.4}{\376\377\000U\000n\000\040\000n\000o\000u\000v\000e\000a\000u\000\040\000p\000r\000o\000b\000l\000\350\000m\000e}{section.10}% 67
\BOOKMARK [2][-]{subsection.10.5}{\376\377\000U\000n\000e\000\040\000n\000o\000u\000v\000e\000l\000l\000e\000\040\000m\000a\000n\000i\000\350\000r\000e\000\040\000d\000e\000\040\000c\000a\000l\000c\000u\000l\000e\000r\000\040\000l\000e\000\040\000P\000I\000D}{section.10}% 68
\BOOKMARK [2][-]{subsection.10.6}{\376\377\000C\000o\000n\000c\000l\000u\000s\000i\000o\000n\000s\000\040\000p\000o\000u\000r\000\040\000c\000e\000t\000t\000e\000\040\000s\000\351\000a\000n\000c\000e}{section.10}% 69
\BOOKMARK [1][-]{section.11}{\376\377\000D\000e\000r\000n\000i\000\350\000r\000e\000\040\000s\000\351\000a\000n\000c\000e\000\040\000-\000\040\0000\0008\000/\0000\0006\000/\0002\0000\0002\0003}{}% 70
\BOOKMARK [2][-]{subsection.11.1}{\376\377\000R\000\351\000g\000l\000a\000g\000e\000\040\000f\000i\000n\000\040\000d\000u\000\040\000P\000I\000D}{section.11}% 71
\BOOKMARK [1][-]{section.12}{\376\377\000C\000o\000n\000c\000l\000u\000s\000i\000o\000n\000s\000\040\000d\000u\000\040\000p\000r\000o\000j\000e\000t}{}% 72
\BOOKMARK [2][-]{subsection.12.1}{\376\377\000S\000T\000M\0008}{section.12}% 73
\BOOKMARK [2][-]{subsection.12.2}{\376\377\000P\000I\000D}{section.12}% 74
\BOOKMARK [2][-]{subsection.12.3}{\376\377\000\311\000l\000e\000c\000t\000r\000o\000n\000i\000q\000u\000e\000\040\000a\000n\000a\000l\000o\000g\000i\000q\000u\000e}{section.12}% 75
\BOOKMARK [2][-]{subsection.12.4}{\376\377\000S\000o\000u\000d\000u\000r\000e}{section.12}% 76
\BOOKMARK [2][-]{subsection.12.5}{\376\377\000C\000o\000n\000c\000l\000u\000s\000i\000o\000n\000s\000\040\000f\000i\000n\000a\000l\000e\000s}{section.12}% 77
\BOOKMARK [1][-]{section.13}{\376\377\000B\000i\000b\000l\000i\000o\000g\000r\000a\000p\000h\000i\000e}{}% 78
